SF:lib/core/utils/date_parse.dart
DA:3,3
DA:4,6
DA:7,4
DA:8,12
LF:4
LH:4
end_of_record
SF:lib/features/expense/domain/entities/expense.dart
DA:9,3
DA:20,1
DA:22,1
DA:23,1
DA:24,2
DA:25,1
DA:26,2
DA:27,1
DA:28,2
DA:29,2
DA:30,1
DA:34,1
DA:35,1
DA:36,1
DA:37,2
DA:38,1
DA:39,2
DA:40,1
DA:41,2
DA:42,2
DA:43,1
DA:47,2
DA:58,2
DA:59,2
DA:60,2
DA:61,2
DA:62,2
DA:63,2
DA:64,2
DA:65,2
DA:66,1
DA:70,3
DA:71,3
DA:72,3
DA:73,3
DA:74,3
DA:75,3
DA:76,3
DA:77,3
DA:78,3
DA:79,3
LF:41
LH:41
end_of_record
SF:lib/features/expense/domain/entities/expense_summary.dart
DA:5,5
DA:16,1
DA:17,1
DA:18,1
DA:19,2
DA:20,1
DA:21,1
DA:25,1
DA:26,1
DA:27,1
DA:28,2
DA:29,1
DA:30,1
DA:34,1
DA:40,1
DA:41,1
DA:42,1
DA:43,1
DA:44,1
DA:48,2
DA:49,2
DA:50,2
DA:51,2
DA:52,2
DA:53,2
LF:25
LH:25
end_of_record
SF:lib/features/expense/domain/entities/expense_update.dart
DA:5,4
DA:17,1
DA:18,1
DA:19,1
DA:20,3
DA:22,3
DA:23,3
DA:25,1
DA:26,4
DA:28,1
DA:29,4
DA:31,1
DA:32,4
DA:37,1
DA:38,1
DA:39,1
DA:40,1
DA:41,1
DA:42,1
DA:43,1
LF:20
LH:20
end_of_record
SF:lib/features/expense/domain/usecases/get_expense_detail.dart
DA:7,1
DA:9,1
DA:10,2
DA:12,2
DA:13,1
LF:5
LH:5
end_of_record
SF:lib/features/expense/domain/usecases/create_expense.dart
DA:7,1
DA:9,1
DA:10,2
LF:3
LH:3
end_of_record
SF:lib/features/expense/domain/usecases/get_expenses_summaries.dart
DA:7,1
DA:9,1
DA:10,2
LF:3
LH:3
end_of_record
SF:lib/features/expense/domain/usecases/delete_expense.dart
DA:6,1
DA:8,1
DA:9,2
DA:11,2
LF:4
LH:4
end_of_record
SF:lib/features/expense/domain/usecases/update_expense.dart
DA:7,1
DA:9,1
DA:10,2
LF:3
LH:3
end_of_record
